tree.js:20 TreeNode
tree.js:21 TreeNode
tree.js:22 Element 25 is removed
tree.js:150 true
tree.js:151 false
tree.js:153 ***********
tree.js:157 40
tree.js:157 30
tree.js:157 20
tree.js:157 18
tree.js:157 10
tree.js:157 9
tree.js:160 ***********
tree.js:164 9
tree.js:164 18
tree.js:164 20
tree.js:164 30
tree.js:164 40
tree.js:164 10
tree.js:167 ***********
tree.js:171 9
tree.js:171 18
tree.js:171 20
tree.js:171 30
tree.js:171 40
tree.js:171 10
tree.js:174 ***********
tree.js:175 BinarySearchTree
